\BOOKMARK [2][-]{subsection.0.1}{The Setup}{}% 1
\BOOKMARK [1][-]{section.1}{Geometry and relative position of the detectors in the beam direction}{}% 2
\BOOKMARK [1][-]{section.2}{RUNS used for calibration = SWEEP RUNS without target}{}% 3
\BOOKMARK [2][-]{subsubsection.2.0.1}{Other RUNS used for various checks:}{section.2}% 4
\BOOKMARK [1][-]{section.3}{Methods for flightpath reconstruction in the \(x,z\) plane}{}% 5
\BOOKMARK [2][-]{subsection.3.1}{The "Kickplane" method}{section.3}% 6
\BOOKMARK [3][-]{subsubsection.3.1.1}{From MW0 to the entrance of GLAD, the ion is following a straight line}{subsection.3.1}% 7
\BOOKMARK [3][-]{subsubsection.3.1.2}{From entrance to the exit of GLAD, the effective trajectory is circular}{subsection.3.1}% 8
\BOOKMARK [3][-]{subsubsection.3.1.3}{After GLAD up to the TOFW, the trajectory is a straight line}{subsection.3.1}% 9
\BOOKMARK [2][-]{subsection.3.2}{The "Fit-Track" method}{section.3}% 10
\BOOKMARK [2][-]{subsection.3.3}{The "Theta\137in correction" method}{section.3}% 11
\BOOKMARK [2][-]{subsection.3.4}{Final method: "Advanced Fit-Track" method}{section.3}% 12
\BOOKMARK [1][-]{section.4}{Plots}{}% 13
\BOOKMARK [2][-]{subsection.4.1}{MWPC1 vs MWPC2 - x position}{section.4}% 14
\BOOKMARK [2][-]{subsection.4.2}{MW0 vs MW2- x position }{section.4}% 15
\BOOKMARK [2][-]{subsection.4.3}{MW1 vs MW3 - x position}{section.4}% 16
\BOOKMARK [2][-]{subsection.4.4}{theta\137out vs MW3- x position }{section.4}% 17
\BOOKMARK [2][-]{subsection.4.5}{theta\137in vs MW3 - x position}{section.4}% 18
\BOOKMARK [2][-]{subsection.4.6}{theta\137in+theta\137out vs MW3- x position }{section.4}% 19
\BOOKMARK [2][-]{subsection.4.7}{theta\137in vs Radius}{section.4}% 20
\BOOKMARK [2][-]{subsection.4.8}{theta\137out vs Radius}{section.4}% 21
\BOOKMARK [2][-]{subsection.4.9}{theta\137in vs theta\137out}{section.4}% 22
\BOOKMARK [2][-]{subsection.4.10}{MW3 vs Radius - x position}{section.4}% 23
\BOOKMARK [2][-]{subsection.4.11}{MW2 vs Radius - x position}{section.4}% 24
\BOOKMARK [1][-]{section.5}{Relative momentum resolution "Advanced Fit-Track-Method"}{}% 25
\BOOKMARK [1][-]{section.6}{Limiting Radius/Momentum resolution factors}{}% 26
\BOOKMARK [2][-]{subsection.6.1}{Engergy straggling}{section.6}% 27
\BOOKMARK [2][-]{subsection.6.2}{Angular straggling}{section.6}% 28
\BOOKMARK [2][-]{subsection.6.3}{Angular resolution of MWPC1/2}{section.6}% 29
\BOOKMARK [2][-]{subsection.6.4}{Limiting Radius resolution factors on data}{section.6}% 30
\BOOKMARK [1][-]{section.7}{Scalability of the field}{}% 31
\BOOKMARK [1][-]{section.8}{Z versus A/q calculations}{}% 32
\BOOKMARK [2][-]{subsection.8.1}{Limiting Mass number resolution factorsThis analysis was done with RUN 88, CH2 target, 12.29mm, GLAD current = 1444 A on the isotope 12C}{section.8}% 33
\BOOKMARK [3][-]{subsubsection.8.1.1}{Z vs A/q resolution for all isotopes - summary}{subsection.8.1}% 34
\BOOKMARK [2][-]{subsection.8.2}{Z versus A/q calculations with \(fixed\) }{section.8}% 35
\BOOKMARK [3][-]{subsubsection.8.2.1}{Time of Flight versus A/q}{subsection.8.2}% 36
